2025-12-14 13:12:41,582 | sample_id=0 | input={'age': 68.0, 'gender': 0.0, 'cp': 3.0, 'trestbps': 148.0, 'chol': 242.0, 'fbs': 0.0, 'restecg': 0.0, 'thalach': 191.0, 'exang': 0.0, 'oldpeak': 0.8329630358964608, 'slope': 1.0, 'ca': 2.0, 'thal': 1.0} | prediction=yes
2025-12-14 13:12:41,587 | sample_id=1 | input={'age': 58.0, 'gender': 1.0, 'cp': 1.0, 'trestbps': 125.0, 'chol': 195.0, 'fbs': 1.0, 'restecg': 0.0, 'thalach': 144.0, 'exang': 0.0, 'oldpeak': 3.8452484688192876, 'slope': 2.0, 'ca': 0.0, 'thal': 0.0} | prediction=yes
2025-12-14 13:12:41,590 | sample_id=2 | input={'age': 44.0, 'gender': 0.0, 'cp': 2.0, 'trestbps': 108.0, 'chol': 244.0, 'fbs': 0.0, 'restecg': 1.0, 'thalach': 145.0, 'exang': 0.0, 'oldpeak': 1.091280506394869, 'slope': 0.0, 'ca': 0.0, 'thal': 1.0} | prediction=yes
2025-12-14 13:12:41,592 | sample_id=3 | input={'age': 72.0, 'gender': 1.0, 'cp': 3.0, 'trestbps': 179.0, 'chol': 248.0, 'fbs': 0.0, 'restecg': 1.0, 'thalach': 78.0, 'exang': 1.0, 'oldpeak': 2.0740036999431792, 'slope': 0.0, 'ca': 3.0, 'thal': 2.0} | prediction=no
2025-12-14 13:12:41,593 | sample_id=4 | input={'age': 37.0, 'gender': 1.0, 'cp': 0.0, 'trestbps': 156.0, 'chol': 265.0, 'fbs': 1.0, 'restecg': 0.0, 'thalach': 143.0, 'exang': 1.0, 'oldpeak': 5.380730459436071, 'slope': 2.0, 'ca': 1.0, 'thal': 2.0} | prediction=no
2025-12-14 13:12:41,595 | sample_id=5 | input={'age': 50.0, 'gender': 1.0, 'cp': 2.0, 'trestbps': 108.0, 'chol': 216.0, 'fbs': 0.0, 'restecg': 1.0, 'thalach': 76.0, 'exang': 0.0, 'oldpeak': 2.843769841577234, 'slope': 0.0, 'ca': 2.0, 'thal': 0.0} | prediction=yes
2025-12-14 13:12:41,597 | sample_id=6 | input={'age': 68.0, 'gender': 0.0, 'cp': 1.0, 'trestbps': 109.0, 'chol': 277.0, 'fbs': 0.0, 'restecg': 1.0, 'thalach': 96.0, 'exang': 0.0, 'oldpeak': 4.0053464311261635, 'slope': 1.0, 'ca': 2.0, 'thal': 1.0} | prediction=no
2025-12-14 13:12:41,600 | sample_id=7 | input={'age': 48.0, 'gender': 0.0, 'cp': 0.0, 'trestbps': 160.0, 'chol': 167.0, 'fbs': 1.0, 'restecg': 1.0, 'thalach': 191.0, 'exang': 1.0, 'oldpeak': 1.033919227209779, 'slope': 1.0, 'ca': 3.0, 'thal': 0.0} | prediction=no
2025-12-14 13:12:41,602 | sample_id=8 | input={'age': 52.0, 'gender': 0.0, 'cp': 0.0, 'trestbps': 141.0, 'chol': 174.0, 'fbs': 0.0, 'restecg': 1.0, 'thalach': 74.0, 'exang': 1.0, 'oldpeak': 1.1537341128520247, 'slope': 1.0, 'ca': 0.0, 'thal': 0.0} | prediction=no
2025-12-14 13:12:41,604 | sample_id=9 | input={'age': 40.0, 'gender': 0.0, 'cp': 0.0, 'trestbps': 122.0, 'chol': 203.0, 'fbs': 0.0, 'restecg': 1.0, 'thalach': 98.0, 'exang': 1.0, 'oldpeak': 0.24521169759887318, 'slope': 0.0, 'ca': 1.0, 'thal': 1.0} | prediction=no
2025-12-14 13:12:41,606 | sample_id=10 | input={'age': 40.0, 'gender': 1.0, 'cp': 2.0, 'trestbps': 129.0, 'chol': 207.0, 'fbs': 0.0, 'restecg': 0.0, 'thalach': 152.0, 'exang': 1.0, 'oldpeak': 1.0136103784329873, 'slope': 1.0, 'ca': 0.0, 'thal': 1.0} | prediction=yes
2025-12-14 13:12:41,608 | sample_id=11 | input={'age': 53.0, 'gender': 0.0, 'cp': 1.0, 'trestbps': 128.0, 'chol': 216.0, 'fbs': 1.0, 'restecg': 0.0, 'thalach': 178.0, 'exang': 0.0, 'oldpeak': 1.6715420341917517, 'slope': 2.0, 'ca': 0.0, 'thal': 1.0} | prediction=yes
2025-12-14 13:12:41,610 | sample_id=12 | input={'age': 65.0, 'gender': 0.0, 'cp': 0.0, 'trestbps': 171.0, 'chol': 253.0, 'fbs': 1.0, 'restecg': 0.0, 'thalach': 134.0, 'exang': 1.0, 'oldpeak': 1.062062905660481, 'slope': 2.0, 'ca': 0.0, 'thal': 2.0} | prediction=no
2025-12-14 13:12:41,612 | sample_id=13 | input={'age': 69.0, 'gender': 0.0, 'cp': 3.0, 'trestbps': 90.0, 'chol': 173.0, 'fbs': 1.0, 'restecg': 1.0, 'thalach': 155.0, 'exang': 0.0, 'oldpeak': 0.5322152025423337, 'slope': 0.0, 'ca': 0.0, 'thal': 0.0} | prediction=yes
2025-12-14 13:12:41,614 | sample_id=14 | input={'age': 53.0, 'gender': 0.0, 'cp': 0.0, 'trestbps': 100.0, 'chol': 263.0, 'fbs': 0.0, 'restecg': 1.0, 'thalach': 140.0, 'exang': 1.0, 'oldpeak': 0.7238152266036049, 'slope': 2.0, 'ca': 2.0, 'thal': 0.0} | prediction=yes
2025-12-14 13:12:41,616 | sample_id=15 | input={'age': 32.0, 'gender': 0.0, 'cp': 0.0, 'trestbps': 146.0, 'chol': 181.0, 'fbs': 0.0, 'restecg': 0.0, 'thalach': 114.0, 'exang': 1.0, 'oldpeak': 2.7646726081963546, 'slope': 2.0, 'ca': 2.0, 'thal': 2.0} | prediction=no
2025-12-14 13:12:41,619 | sample_id=16 | input={'age': 51.0, 'gender': 1.0, 'cp': 2.0, 'trestbps': 178.0, 'chol': 235.0, 'fbs': 1.0, 'restecg': 1.0, 'thalach': 105.0, 'exang': 1.0, 'oldpeak': 1.238002310434755, 'slope': 0.0, 'ca': 0.0, 'thal': 1.0} | prediction=yes
2025-12-14 13:12:41,620 | sample_id=17 | input={'age': 31.0, 'gender': 0.0, 'cp': 2.0, 'trestbps': 139.0, 'chol': 276.0, 'fbs': 0.0, 'restecg': 0.0, 'thalach': 139.0, 'exang': 1.0, 'oldpeak': 2.1856191662884528, 'slope': 1.0, 'ca': 1.0, 'thal': 2.0} | prediction=no
2025-12-14 13:12:41,623 | sample_id=18 | input={'age': 53.0, 'gender': 1.0, 'cp': 1.0, 'trestbps': 112.0, 'chol': 279.0, 'fbs': 0.0, 'restecg': 0.0, 'thalach': 88.0, 'exang': 1.0, 'oldpeak': 3.020503625129141, 'slope': 1.0, 'ca': 3.0, 'thal': 2.0} | prediction=no
2025-12-14 13:12:41,626 | sample_id=19 | input={'age': 73.0, 'gender': 0.0, 'cp': 3.0, 'trestbps': 120.0, 'chol': 166.0, 'fbs': 1.0, 'restecg': 0.0, 'thalach': 177.0, 'exang': 0.0, 'oldpeak': 4.142368971776191, 'slope': 1.0, 'ca': 1.0, 'thal': 2.0} | prediction=yes
2025-12-14 13:12:41,628 | sample_id=20 | input={'age': 59.0, 'gender': 1.0, 'cp': 2.0, 'trestbps': 131.0, 'chol': 253.0, 'fbs': 1.0, 'restecg': 1.0, 'thalach': 160.0, 'exang': 0.0, 'oldpeak': 0.23587283904659362, 'slope': 0.0, 'ca': 1.0, 'thal': 0.0} | prediction=yes
2025-12-14 13:12:41,629 | sample_id=21 | input={'age': 67.0, 'gender': 0.0, 'cp': 0.0, 'trestbps': 96.0, 'chol': 286.0, 'fbs': 0.0, 'restecg': 1.0, 'thalach': 159.0, 'exang': 1.0, 'oldpeak': 4.796462393454256, 'slope': 2.0, 'ca': 1.0, 'thal': 2.0} | prediction=no
2025-12-14 13:12:41,631 | sample_id=22 | input={'age': 31.0, 'gender': 0.0, 'cp': 1.0, 'trestbps': 105.0, 'chol': 192.0, 'fbs': 0.0, 'restecg': 0.0, 'thalach': 88.0, 'exang': 1.0, 'oldpeak': 3.7674023369454464, 'slope': 1.0, 'ca': 0.0, 'thal': 0.0} | prediction=no
2025-12-14 13:12:41,634 | sample_id=23 | input={'age': 50.0, 'gender': 1.0, 'cp': 0.0, 'trestbps': 179.0, 'chol': 188.0, 'fbs': 0.0, 'restecg': 0.0, 'thalach': 108.0, 'exang': 0.0, 'oldpeak': 0.49055419169323145, 'slope': 1.0, 'ca': 2.0, 'thal': 0.0} | prediction=no
2025-12-14 13:12:41,636 | sample_id=24 | input={'age': 62.0, 'gender': 1.0, 'cp': 0.0, 'trestbps': 149.0, 'chol': 175.0, 'fbs': 1.0, 'restecg': 0.0, 'thalach': 195.0, 'exang': 1.0, 'oldpeak': 5.241471744640664, 'slope': 0.0, 'ca': 1.0, 'thal': 0.0} | prediction=no
2025-12-14 13:12:41,639 | sample_id=25 | input={'age': 41.0, 'gender': 1.0, 'cp': 2.0, 'trestbps': 91.0, 'chol': 248.0, 'fbs': 1.0, 'restecg': 0.0, 'thalach': 195.0, 'exang': 1.0, 'oldpeak': 5.525234403190879, 'slope': 1.0, 'ca': 0.0, 'thal': 1.0} | prediction=yes
2025-12-14 13:12:41,641 | sample_id=26 | input={'age': 51.0, 'gender': 0.0, 'cp': 1.0, 'trestbps': 90.0, 'chol': 199.0, 'fbs': 1.0, 'restecg': 1.0, 'thalach': 127.0, 'exang': 0.0, 'oldpeak': 0.3664677591291825, 'slope': 0.0, 'ca': 1.0, 'thal': 0.0} | prediction=yes
2025-12-14 13:12:41,643 | sample_id=27 | input={'age': 73.0, 'gender': 1.0, 'cp': 3.0, 'trestbps': 137.0, 'chol': 162.0, 'fbs': 1.0, 'restecg': 1.0, 'thalach': 130.0, 'exang': 1.0, 'oldpeak': 1.6612658888832224, 'slope': 2.0, 'ca': 1.0, 'thal': 0.0} | prediction=yes
2025-12-14 13:12:41,646 | sample_id=28 | input={'age': 54.0, 'gender': 0.0, 'cp': 3.0, 'trestbps': 101.0, 'chol': 209.0, 'fbs': 0.0, 'restecg': 0.0, 'thalach': 196.0, 'exang': 1.0, 'oldpeak': 4.837207678758368, 'slope': 0.0, 'ca': 0.0, 'thal': 1.0} | prediction=yes
2025-12-14 13:12:41,649 | sample_id=29 | input={'age': 78.0, 'gender': 0.0, 'cp': 2.0, 'trestbps': 158.0, 'chol': 284.0, 'fbs': 1.0, 'restecg': 0.0, 'thalach': 174.0, 'exang': 0.0, 'oldpeak': 4.48955814230195, 'slope': 0.0, 'ca': 2.0, 'thal': 0.0} | prediction=no
2025-12-14 13:12:41,651 | sample_id=30 | input={'age': 56.0, 'gender': 1.0, 'cp': 2.0, 'trestbps': 126.0, 'chol': 206.0, 'fbs': 1.0, 'restecg': 1.0, 'thalach': 70.0, 'exang': 0.0, 'oldpeak': 1.107126116138264, 'slope': 0.0, 'ca': 2.0, 'thal': 2.0} | prediction=no
2025-12-14 13:12:41,653 | sample_id=31 | input={'age': 71.0, 'gender': 1.0, 'cp': 1.0, 'trestbps': 121.0, 'chol': 185.0, 'fbs': 1.0, 'restecg': 1.0, 'thalach': 161.0, 'exang': 0.0, 'oldpeak': 1.2560959400202618, 'slope': 0.0, 'ca': 3.0, 'thal': 2.0} | prediction=no
2025-12-14 13:12:41,657 | sample_id=32 | input={'age': 57.0, 'gender': 0.0, 'cp': 3.0, 'trestbps': 98.0, 'chol': 169.0, 'fbs': 1.0, 'restecg': 0.0, 'thalach': 182.0, 'exang': 1.0, 'oldpeak': 2.222832616748292, 'slope': 2.0, 'ca': 0.0, 'thal': 0.0} | prediction=yes
2025-12-14 13:12:41,659 | sample_id=33 | input={'age': 45.0, 'gender': 0.0, 'cp': 3.0, 'trestbps': 108.0, 'chol': 214.0, 'fbs': 1.0, 'restecg': 0.0, 'thalach': 125.0, 'exang': 0.0, 'oldpeak': 2.907137911146128, 'slope': 2.0, 'ca': 3.0, 'thal': 1.0} | prediction=no
2025-12-14 13:12:41,662 | sample_id=34 | input={'age': 44.0, 'gender': 1.0, 'cp': 3.0, 'trestbps': 137.0, 'chol': 157.0, 'fbs': 0.0, 'restecg': 0.0, 'thalach': 186.0, 'exang': 0.0, 'oldpeak': 3.7095286291817757, 'slope': 1.0, 'ca': 3.0, 'thal': 2.0} | prediction=yes
2025-12-14 13:12:41,664 | sample_id=35 | input={'age': 76.0, 'gender': 1.0, 'cp': 0.0, 'trestbps': 169.0, 'chol': 293.0, 'fbs': 0.0, 'restecg': 1.0, 'thalach': 127.0, 'exang': 0.0, 'oldpeak': 2.2134818374186347, 'slope': 2.0, 'ca': 3.0, 'thal': 1.0} | prediction=no
2025-12-14 13:12:41,666 | sample_id=36 | input={'age': 73.0, 'gender': 1.0, 'cp': 3.0, 'trestbps': 92.0, 'chol': 291.0, 'fbs': 1.0, 'restecg': 1.0, 'thalach': 113.0, 'exang': 0.0, 'oldpeak': 2.7752082967988874, 'slope': 2.0, 'ca': 2.0, 'thal': 1.0} | prediction=yes
2025-12-14 13:12:41,669 | sample_id=37 | input={'age': 32.0, 'gender': 0.0, 'cp': 0.0, 'trestbps': 109.0, 'chol': 264.0, 'fbs': 0.0, 'restecg': 1.0, 'thalach': 130.0, 'exang': 0.0, 'oldpeak': 4.48482562880254, 'slope': 1.0, 'ca': 0.0, 'thal': 2.0} | prediction=no
2025-12-14 13:12:41,672 | sample_id=38 | input={'age': 66.0, 'gender': 0.0, 'cp': 1.0, 'trestbps': 113.0, 'chol': 292.0, 'fbs': 1.0, 'restecg': 0.0, 'thalach': 116.0, 'exang': 0.0, 'oldpeak': 0.2200992173435874, 'slope': 2.0, 'ca': 3.0, 'thal': 1.0} | prediction=no
2025-12-14 13:12:41,674 | sample_id=39 | input={'age': 36.0, 'gender': 0.0, 'cp': 0.0, 'trestbps': 143.0, 'chol': 241.0, 'fbs': 1.0, 'restecg': 0.0, 'thalach': 149.0, 'exang': 1.0, 'oldpeak': 1.5146216660641245, 'slope': 0.0, 'ca': 0.0, 'thal': 2.0} | prediction=no
2025-12-14 13:12:41,676 | sample_id=40 | input={'age': 50.0, 'gender': 0.0, 'cp': 1.0, 'trestbps': 122.0, 'chol': 247.0, 'fbs': 0.0, 'restecg': 1.0, 'thalach': 187.0, 'exang': 1.0, 'oldpeak': 4.280097515307315, 'slope': 0.0, 'ca': 0.0, 'thal': 1.0} | prediction=no
2025-12-14 13:12:41,678 | sample_id=41 | input={'age': 38.0, 'gender': 0.0, 'cp': 3.0, 'trestbps': 113.0, 'chol': 215.0, 'fbs': 0.0, 'restecg': 1.0, 'thalach': 89.0, 'exang': 0.0, 'oldpeak': 5.3712410261231955, 'slope': 1.0, 'ca': 2.0, 'thal': 2.0} | prediction=no
2025-12-14 13:12:41,681 | sample_id=42 | input={'age': 68.0, 'gender': 0.0, 'cp': 3.0, 'trestbps': 164.0, 'chol': 181.0, 'fbs': 1.0, 'restecg': 0.0, 'thalach': 116.0, 'exang': 0.0, 'oldpeak': 3.070064652693997, 'slope': 1.0, 'ca': 3.0, 'thal': 0.0} | prediction=no
2025-12-14 13:12:41,683 | sample_id=43 | input={'age': 47.0, 'gender': 1.0, 'cp': 1.0, 'trestbps': 161.0, 'chol': 235.0, 'fbs': 1.0, 'restecg': 1.0, 'thalach': 118.0, 'exang': 0.0, 'oldpeak': 3.1926809115918937, 'slope': 1.0, 'ca': 3.0, 'thal': 2.0} | prediction=no
2025-12-14 13:12:41,685 | sample_id=44 | input={'age': 33.0, 'gender': 0.0, 'cp': 2.0, 'trestbps': 125.0, 'chol': 200.0, 'fbs': 1.0, 'restecg': 1.0, 'thalach': 83.0, 'exang': 1.0, 'oldpeak': 0.6430320680386563, 'slope': 0.0, 'ca': 0.0, 'thal': 2.0} | prediction=no
2025-12-14 13:12:41,687 | sample_id=45 | input={'age': 54.0, 'gender': 0.0, 'cp': 1.0, 'trestbps': 127.0, 'chol': 212.0, 'fbs': 0.0, 'restecg': 0.0, 'thalach': 70.0, 'exang': 1.0, 'oldpeak': 2.684474200940728, 'slope': 2.0, 'ca': 1.0, 'thal': 2.0} | prediction=no
2025-12-14 13:12:41,690 | sample_id=46 | input={'age': 43.0, 'gender': 0.0, 'cp': 2.0, 'trestbps': 173.0, 'chol': 274.0, 'fbs': 1.0, 'restecg': 1.0, 'thalach': 186.0, 'exang': 1.0, 'oldpeak': 3.195703598730139, 'slope': 0.0, 'ca': 2.0, 'thal': 2.0} | prediction=no
2025-12-14 13:12:41,693 | sample_id=47 | input={'age': 79.0, 'gender': 1.0, 'cp': 0.0, 'trestbps': 178.0, 'chol': 299.0, 'fbs': 1.0, 'restecg': 0.0, 'thalach': 123.0, 'exang': 1.0, 'oldpeak': 1.454823021808378, 'slope': 1.0, 'ca': 2.0, 'thal': 1.0} | prediction=no
2025-12-14 13:12:41,695 | sample_id=48 | input={'age': 38.0, 'gender': 0.0, 'cp': 0.0, 'trestbps': 114.0, 'chol': 207.0, 'fbs': 1.0, 'restecg': 0.0, 'thalach': 187.0, 'exang': 1.0, 'oldpeak': 1.6154593856962858, 'slope': 2.0, 'ca': 2.0, 'thal': 0.0} | prediction=no
2025-12-14 13:12:41,698 | sample_id=49 | input={'age': 55.0, 'gender': 0.0, 'cp': 0.0, 'trestbps': 107.0, 'chol': 207.0, 'fbs': 0.0, 'restecg': 0.0, 'thalach': 72.0, 'exang': 1.0, 'oldpeak': 2.263704978627736, 'slope': 2.0, 'ca': 2.0, 'thal': 2.0} | prediction=no
2025-12-14 13:12:41,700 | sample_id=50 | input={'age': 31.0, 'gender': 1.0, 'cp': 3.0, 'trestbps': 171.0, 'chol': 235.0, 'fbs': 1.0, 'restecg': 0.0, 'thalach': 81.0, 'exang': 1.0, 'oldpeak': 0.12042718666635821, 'slope': 0.0, 'ca': 3.0, 'thal': 1.0} | prediction=no
2025-12-14 13:12:41,702 | sample_id=51 | input={'age': 49.0, 'gender': 0.0, 'cp': 0.0, 'trestbps': 155.0, 'chol': 198.0, 'fbs': 1.0, 'restecg': 0.0, 'thalach': 143.0, 'exang': 1.0, 'oldpeak': 1.9324749934990697, 'slope': 1.0, 'ca': 3.0, 'thal': 0.0} | prediction=no
2025-12-14 13:12:41,704 | sample_id=52 | input={'age': 57.0, 'gender': 0.0, 'cp': 2.0, 'trestbps': 143.0, 'chol': 219.0, 'fbs': 0.0, 'restecg': 0.0, 'thalach': 85.0, 'exang': 1.0, 'oldpeak': 1.2686880419792679, 'slope': 0.0, 'ca': 1.0, 'thal': 0.0} | prediction=no
2025-12-14 13:12:41,706 | sample_id=53 | input={'age': 76.0, 'gender': 0.0, 'cp': 0.0, 'trestbps': 124.0, 'chol': 164.0, 'fbs': 1.0, 'restecg': 0.0, 'thalach': 171.0, 'exang': 0.0, 'oldpeak': 1.9649841130674879, 'slope': 2.0, 'ca': 2.0, 'thal': 0.0} | prediction=no
2025-12-14 13:12:41,709 | sample_id=54 | input={'age': 36.0, 'gender': 0.0, 'cp': 1.0, 'trestbps': 169.0, 'chol': 203.0, 'fbs': 1.0, 'restecg': 1.0, 'thalach': 186.0, 'exang': 0.0, 'oldpeak': 0.7185727909155073, 'slope': 0.0, 'ca': 2.0, 'thal': 0.0} | prediction=yes
2025-12-14 13:12:41,711 | sample_id=55 | input={'age': 73.0, 'gender': 0.0, 'cp': 1.0, 'trestbps': 150.0, 'chol': 250.0, 'fbs': 0.0, 'restecg': 0.0, 'thalach': 77.0, 'exang': 0.0, 'oldpeak': 5.34316368443937, 'slope': 0.0, 'ca': 0.0, 'thal': 2.0} | prediction=no
2025-12-14 13:12:41,714 | sample_id=56 | input={'age': 37.0, 'gender': 1.0, 'cp': 3.0, 'trestbps': 130.0, 'chol': 157.0, 'fbs': 1.0, 'restecg': 0.0, 'thalach': 191.0, 'exang': 0.0, 'oldpeak': 3.561554721324292, 'slope': 1.0, 'ca': 3.0, 'thal': 2.0} | prediction=yes
2025-12-14 13:12:41,717 | sample_id=57 | input={'age': 76.0, 'gender': 1.0, 'cp': 1.0, 'trestbps': 122.0, 'chol': 202.0, 'fbs': 0.0, 'restecg': 1.0, 'thalach': 161.0, 'exang': 1.0, 'oldpeak': 4.074613914866937, 'slope': 1.0, 'ca': 2.0, 'thal': 1.0} | prediction=no
2025-12-14 13:12:41,719 | sample_id=58 | input={'age': 64.0, 'gender': 1.0, 'cp': 2.0, 'trestbps': 157.0, 'chol': 209.0, 'fbs': 0.0, 'restecg': 1.0, 'thalach': 159.0, 'exang': 1.0, 'oldpeak': 4.7350274316440295, 'slope': 2.0, 'ca': 1.0, 'thal': 1.0} | prediction=yes
2025-12-14 13:12:41,721 | sample_id=59 | input={'age': 43.0, 'gender': 0.0, 'cp': 0.0, 'trestbps': 122.0, 'chol': 257.0, 'fbs': 1.0, 'restecg': 1.0, 'thalach': 129.0, 'exang': 0.0, 'oldpeak': 2.9906531935743437, 'slope': 0.0, 'ca': 1.0, 'thal': 1.0} | prediction=no
2025-12-14 13:12:41,723 | sample_id=60 | input={'age': 46.0, 'gender': 0.0, 'cp': 3.0, 'trestbps': 103.0, 'chol': 154.0, 'fbs': 1.0, 'restecg': 0.0, 'thalach': 97.0, 'exang': 1.0, 'oldpeak': 0.5215217285245421, 'slope': 0.0, 'ca': 3.0, 'thal': 0.0} | prediction=no
2025-12-14 13:12:41,725 | sample_id=61 | input={'age': 65.0, 'gender': 0.0, 'cp': 0.0, 'trestbps': 110.0, 'chol': 252.0, 'fbs': 1.0, 'restecg': 1.0, 'thalach': 170.0, 'exang': 0.0, 'oldpeak': 3.2226392509112864, 'slope': 0.0, 'ca': 1.0, 'thal': 0.0} | prediction=no
2025-12-14 13:12:41,727 | sample_id=62 | input={'age': 79.0, 'gender': 1.0, 'cp': 0.0, 'trestbps': 137.0, 'chol': 155.0, 'fbs': 1.0, 'restecg': 0.0, 'thalach': 110.0, 'exang': 1.0, 'oldpeak': 3.521046708125275, 'slope': 2.0, 'ca': 1.0, 'thal': 2.0} | prediction=no
2025-12-14 13:12:41,730 | sample_id=63 | input={'age': 69.0, 'gender': 0.0, 'cp': 2.0, 'trestbps': 109.0, 'chol': 258.0, 'fbs': 0.0, 'restecg': 0.0, 'thalach': 115.0, 'exang': 0.0, 'oldpeak': 4.4726368451059795, 'slope': 2.0, 'ca': 3.0, 'thal': 0.0} | prediction=no
2025-12-14 13:12:41,732 | sample_id=64 | input={'age': 33.0, 'gender': 0.0, 'cp': 1.0, 'trestbps': 97.0, 'chol': 265.0, 'fbs': 1.0, 'restecg': 0.0, 'thalach': 104.0, 'exang': 1.0, 'oldpeak': 2.589957277378076, 'slope': 1.0, 'ca': 2.0, 'thal': 0.0} | prediction=no
2025-12-14 13:12:41,734 | sample_id=65 | input={'age': 31.0, 'gender': 1.0, 'cp': 1.0, 'trestbps': 96.0, 'chol': 243.0, 'fbs': 0.0, 'restecg': 0.0, 'thalach': 151.0, 'exang': 1.0, 'oldpeak': 0.7654818167733826, 'slope': 1.0, 'ca': 2.0, 'thal': 0.0} | prediction=yes
2025-12-14 13:12:41,736 | sample_id=66 | input={'age': 35.0, 'gender': 0.0, 'cp': 0.0, 'trestbps': 156.0, 'chol': 196.0, 'fbs': 1.0, 'restecg': 1.0, 'thalach': 184.0, 'exang': 0.0, 'oldpeak': 1.7026554347923468, 'slope': 1.0, 'ca': 1.0, 'thal': 1.0} | prediction=no
2025-12-14 13:12:41,738 | sample_id=67 | input={'age': 71.0, 'gender': 1.0, 'cp': 3.0, 'trestbps': 106.0, 'chol': 248.0, 'fbs': 1.0, 'restecg': 1.0, 'thalach': 116.0, 'exang': 1.0, 'oldpeak': 2.1784937783918106, 'slope': 0.0, 'ca': 1.0, 'thal': 1.0} | prediction=yes
2025-12-14 13:12:41,741 | sample_id=68 | input={'age': 33.0, 'gender': 1.0, 'cp': 1.0, 'trestbps': 122.0, 'chol': 204.0, 'fbs': 1.0, 'restecg': 0.0, 'thalach': 79.0, 'exang': 0.0, 'oldpeak': 3.8755034479896073, 'slope': 0.0, 'ca': 2.0, 'thal': 2.0} | prediction=no
2025-12-14 13:12:41,743 | sample_id=69 | input={'age': 58.0, 'gender': 1.0, 'cp': 3.0, 'trestbps': 137.0, 'chol': 201.0, 'fbs': 0.0, 'restecg': 0.0, 'thalach': 125.0, 'exang': 0.0, 'oldpeak': 3.4246698280134713, 'slope': 1.0, 'ca': 3.0, 'thal': 0.0} | prediction=yes
2025-12-14 13:12:41,745 | sample_id=70 | input={'age': 47.0, 'gender': 0.0, 'cp': 1.0, 'trestbps': 165.0, 'chol': 293.0, 'fbs': 1.0, 'restecg': 0.0, 'thalach': 99.0, 'exang': 0.0, 'oldpeak': 2.1365803553870775, 'slope': 0.0, 'ca': 1.0, 'thal': 0.0} | prediction=no
2025-12-14 13:12:41,747 | sample_id=71 | input={'age': 55.0, 'gender': 0.0, 'cp': 3.0, 'trestbps': 148.0, 'chol': 162.0, 'fbs': 1.0, 'restecg': 1.0, 'thalach': 178.0, 'exang': 0.0, 'oldpeak': 5.919091492757878, 'slope': 1.0, 'ca': 0.0, 'thal': 2.0} | prediction=no
2025-12-14 13:12:41,750 | sample_id=72 | input={'age': 73.0, 'gender': 0.0, 'cp': 2.0, 'trestbps': 175.0, 'chol': 263.0, 'fbs': 1.0, 'restecg': 0.0, 'thalach': 74.0, 'exang': 1.0, 'oldpeak': 3.634648916141323, 'slope': 2.0, 'ca': 3.0, 'thal': 0.0} | prediction=no
2025-12-14 13:12:41,752 | sample_id=73 | input={'age': 63.0, 'gender': 0.0, 'cp': 3.0, 'trestbps': 111.0, 'chol': 273.0, 'fbs': 1.0, 'restecg': 0.0, 'thalach': 188.0, 'exang': 1.0, 'oldpeak': 1.4233607504159669, 'slope': 1.0, 'ca': 1.0, 'thal': 0.0} | prediction=yes
2025-12-14 13:12:41,754 | sample_id=74 | input={'age': 39.0, 'gender': 0.0, 'cp': 2.0, 'trestbps': 119.0, 'chol': 255.0, 'fbs': 0.0, 'restecg': 1.0, 'thalach': 102.0, 'exang': 1.0, 'oldpeak': 0.6106948357224224, 'slope': 2.0, 'ca': 1.0, 'thal': 1.0} | prediction=yes
2025-12-14 13:12:41,756 | sample_id=75 | input={'age': 65.0, 'gender': 0.0, 'cp': 2.0, 'trestbps': 127.0, 'chol': 296.0, 'fbs': 1.0, 'restecg': 1.0, 'thalach': 187.0, 'exang': 0.0, 'oldpeak': 0.9171548351059922, 'slope': 0.0, 'ca': 0.0, 'thal': 2.0} | prediction=yes
2025-12-14 13:12:41,758 | sample_id=76 | input={'age': 43.0, 'gender': 0.0, 'cp': 3.0, 'trestbps': 140.0, 'chol': 294.0, 'fbs': 0.0, 'restecg': 0.0, 'thalach': 134.0, 'exang': 1.0, 'oldpeak': 1.4757463703070488, 'slope': 1.0, 'ca': 0.0, 'thal': 2.0} | prediction=yes
2025-12-14 13:12:41,760 | sample_id=77 | input={'age': 60.0, 'gender': 1.0, 'cp': 2.0, 'trestbps': 143.0, 'chol': 269.0, 'fbs': 0.0, 'restecg': 1.0, 'thalach': 80.0, 'exang': 0.0, 'oldpeak': 0.964088239557334, 'slope': 0.0, 'ca': 2.0, 'thal': 2.0} | prediction=no
2025-12-14 13:12:41,763 | sample_id=78 | input={'age': 77.0, 'gender': 0.0, 'cp': 0.0, 'trestbps': 97.0, 'chol': 212.0, 'fbs': 0.0, 'restecg': 1.0, 'thalach': 154.0, 'exang': 1.0, 'oldpeak': 1.1194021443078346, 'slope': 2.0, 'ca': 3.0, 'thal': 2.0} | prediction=no
2025-12-14 13:12:41,765 | sample_id=79 | input={'age': 44.0, 'gender': 1.0, 'cp': 2.0, 'trestbps': 116.0, 'chol': 168.0, 'fbs': 0.0, 'restecg': 0.0, 'thalach': 95.0, 'exang': 1.0, 'oldpeak': 1.7105710121630826, 'slope': 2.0, 'ca': 3.0, 'thal': 1.0} | prediction=yes
2025-12-14 13:12:41,767 | sample_id=80 | input={'age': 37.0, 'gender': 0.0, 'cp': 1.0, 'trestbps': 116.0, 'chol': 241.0, 'fbs': 0.0, 'restecg': 1.0, 'thalach': 132.0, 'exang': 1.0, 'oldpeak': 1.040241571768529, 'slope': 2.0, 'ca': 2.0, 'thal': 1.0} | prediction=no
2025-12-14 13:12:41,769 | sample_id=81 | input={'age': 43.0, 'gender': 0.0, 'cp': 3.0, 'trestbps': 110.0, 'chol': 207.0, 'fbs': 0.0, 'restecg': 0.0, 'thalach': 155.0, 'exang': 0.0, 'oldpeak': 5.3805925477585514, 'slope': 0.0, 'ca': 3.0, 'thal': 0.0} | prediction=no
2025-12-14 13:12:41,771 | sample_id=82 | input={'age': 52.0, 'gender': 0.0, 'cp': 0.0, 'trestbps': 119.0, 'chol': 239.0, 'fbs': 1.0, 'restecg': 1.0, 'thalach': 128.0, 'exang': 1.0, 'oldpeak': 0.48140247396985325, 'slope': 0.0, 'ca': 3.0, 'thal': 0.0} | prediction=no
2025-12-14 13:12:41,773 | sample_id=83 | input={'age': 69.0, 'gender': 1.0, 'cp': 3.0, 'trestbps': 117.0, 'chol': 266.0, 'fbs': 0.0, 'restecg': 0.0, 'thalach': 96.0, 'exang': 1.0, 'oldpeak': 3.147068337421528, 'slope': 0.0, 'ca': 3.0, 'thal': 0.0} | prediction=no
2025-12-14 13:12:41,775 | sample_id=84 | input={'age': 50.0, 'gender': 1.0, 'cp': 1.0, 'trestbps': 153.0, 'chol': 211.0, 'fbs': 0.0, 'restecg': 0.0, 'thalach': 167.0, 'exang': 0.0, 'oldpeak': 2.462380961937969, 'slope': 0.0, 'ca': 3.0, 'thal': 0.0} | prediction=yes
2025-12-14 13:12:41,777 | sample_id=85 | input={'age': 45.0, 'gender': 1.0, 'cp': 1.0, 'trestbps': 158.0, 'chol': 172.0, 'fbs': 0.0, 'restecg': 0.0, 'thalach': 174.0, 'exang': 1.0, 'oldpeak': 5.894271701451638, 'slope': 2.0, 'ca': 3.0, 'thal': 1.0} | prediction=no
2025-12-14 13:12:41,779 | sample_id=86 | input={'age': 74.0, 'gender': 1.0, 'cp': 1.0, 'trestbps': 150.0, 'chol': 276.0, 'fbs': 1.0, 'restecg': 1.0, 'thalach': 168.0, 'exang': 0.0, 'oldpeak': 0.6722334130083141, 'slope': 2.0, 'ca': 0.0, 'thal': 2.0} | prediction=yes
2025-12-14 13:12:41,781 | sample_id=87 | input={'age': 47.0, 'gender': 0.0, 'cp': 2.0, 'trestbps': 137.0, 'chol': 286.0, 'fbs': 1.0, 'restecg': 0.0, 'thalach': 198.0, 'exang': 1.0, 'oldpeak': 2.3871335942744496, 'slope': 1.0, 'ca': 3.0, 'thal': 1.0} | prediction=no
2025-12-14 13:12:41,783 | sample_id=88 | input={'age': 76.0, 'gender': 1.0, 'cp': 2.0, 'trestbps': 108.0, 'chol': 289.0, 'fbs': 0.0, 'restecg': 1.0, 'thalach': 124.0, 'exang': 0.0, 'oldpeak': 5.816822599652213, 'slope': 1.0, 'ca': 0.0, 'thal': 0.0} | prediction=yes
2025-12-14 13:12:41,785 | sample_id=89 | input={'age': 53.0, 'gender': 0.0, 'cp': 3.0, 'trestbps': 93.0, 'chol': 278.0, 'fbs': 1.0, 'restecg': 0.0, 'thalach': 75.0, 'exang': 0.0, 'oldpeak': 5.193042755363882, 'slope': 0.0, 'ca': 3.0, 'thal': 1.0} | prediction=no
2025-12-14 13:12:41,788 | sample_id=90 | input={'age': 55.0, 'gender': 0.0, 'cp': 3.0, 'trestbps': 124.0, 'chol': 207.0, 'fbs': 0.0, 'restecg': 0.0, 'thalach': 164.0, 'exang': 1.0, 'oldpeak': 4.90243242569568, 'slope': 2.0, 'ca': 2.0, 'thal': 2.0} | prediction=no
2025-12-14 13:12:41,790 | sample_id=91 | input={'age': 54.0, 'gender': 1.0, 'cp': 0.0, 'trestbps': 153.0, 'chol': 271.0, 'fbs': 0.0, 'restecg': 1.0, 'thalach': 171.0, 'exang': 0.0, 'oldpeak': 1.547416962269639, 'slope': 2.0, 'ca': 1.0, 'thal': 2.0} | prediction=yes
2025-12-14 13:12:41,792 | sample_id=92 | input={'age': 74.0, 'gender': 1.0, 'cp': 0.0, 'trestbps': 138.0, 'chol': 150.0, 'fbs': 1.0, 'restecg': 0.0, 'thalach': 72.0, 'exang': 0.0, 'oldpeak': 1.025325524340395, 'slope': 2.0, 'ca': 0.0, 'thal': 1.0} | prediction=yes
2025-12-14 13:12:41,793 | sample_id=93 | input={'age': 70.0, 'gender': 1.0, 'cp': 3.0, 'trestbps': 106.0, 'chol': 183.0, 'fbs': 0.0, 'restecg': 0.0, 'thalach': 92.0, 'exang': 0.0, 'oldpeak': 4.011859319546586, 'slope': 1.0, 'ca': 3.0, 'thal': 1.0} | prediction=no
2025-12-14 13:12:41,795 | sample_id=94 | input={'age': 58.0, 'gender': 1.0, 'cp': 2.0, 'trestbps': 133.0, 'chol': 245.0, 'fbs': 1.0, 'restecg': 1.0, 'thalach': 122.0, 'exang': 0.0, 'oldpeak': 5.5762559347655145, 'slope': 1.0, 'ca': 2.0, 'thal': 1.0} | prediction=no
2025-12-14 13:12:41,798 | sample_id=95 | input={'age': 44.0, 'gender': 1.0, 'cp': 1.0, 'trestbps': 119.0, 'chol': 275.0, 'fbs': 1.0, 'restecg': 0.0, 'thalach': 152.0, 'exang': 0.0, 'oldpeak': 3.3405773580835785, 'slope': 2.0, 'ca': 1.0, 'thal': 0.0} | prediction=yes
2025-12-14 13:12:41,800 | sample_id=96 | input={'age': 74.0, 'gender': 1.0, 'cp': 3.0, 'trestbps': 135.0, 'chol': 267.0, 'fbs': 0.0, 'restecg': 0.0, 'thalach': 154.0, 'exang': 0.0, 'oldpeak': 3.429676136819399, 'slope': 2.0, 'ca': 0.0, 'thal': 1.0} | prediction=yes
2025-12-14 13:12:41,802 | sample_id=97 | input={'age': 30.0, 'gender': 1.0, 'cp': 0.0, 'trestbps': 95.0, 'chol': 197.0, 'fbs': 0.0, 'restecg': 0.0, 'thalach': 147.0, 'exang': 1.0, 'oldpeak': 1.679874561961705, 'slope': 2.0, 'ca': 1.0, 'thal': 1.0} | prediction=yes
2025-12-14 13:12:41,804 | sample_id=98 | input={'age': 54.0, 'gender': 1.0, 'cp': 2.0, 'trestbps': 126.0, 'chol': 238.0, 'fbs': 1.0, 'restecg': 0.0, 'thalach': 179.0, 'exang': 0.0, 'oldpeak': 4.616957599151622, 'slope': 1.0, 'ca': 2.0, 'thal': 1.0} | prediction=yes
2025-12-14 13:12:41,806 | sample_id=99 | input={'age': 36.0, 'gender': 0.0, 'cp': 3.0, 'trestbps': 113.0, 'chol': 266.0, 'fbs': 0.0, 'restecg': 1.0, 'thalach': 70.0, 'exang': 0.0, 'oldpeak': 1.1222624913451402, 'slope': 2.0, 'ca': 0.0, 'thal': 2.0} | prediction=yes
2025-12-14 13:12:41,806 | ---- Inference Summary ----
2025-12-14 13:12:41,806 | Total samples processed: 100
2025-12-14 13:12:41,806 | Positive predictions (yes): 39
2025-12-14 13:12:41,806 | Negative predictions (no): 61
